<?xml version="1.0" encoding="UTF-8"?>
<!-- Generated by org.testng.reporters.JUnitXMLReporter -->
<testsuite ignored="0" hostname="teamsharq-pc" failures="0" tests="4" name="Command line test" time="5.409" errors="0" timestamp="2026-04-10T17:44:56 CEST">
  <testcase classname="edu.pg.ui.test.run.TestRun" name="shouldOpenGoogleWebsite" time="0.817"/>
  <testcase classname="edu.pg.ui.test.run.TestRun" name="shouldShowErrorForCredentials" time="0.457"/>
  <testcase classname="edu.pg.ui.test.run.TestRun" name="shouldShowErrorForLockedOutUser" time="0.627"/>
  <testcase classname="edu.pg.ui.test.run.TestRun" name="userTriesToLoginToSauceDemo" time="0.376"/>
</testsuite> <!-- Command line test -->
