<?xml version="1.0" encoding="UTF-8"?>
<!-- Generated by org.testng.reporters.JUnitXMLReporter -->
<testsuite ignored="1" hostname="teamsharq-pc" failures="2" tests="2" name="FunctionalTesting" time="0.049" errors="0" timestamp="2026-05-24T19:35:04 CEST">
  <testcase classname="edu.pg.ui.test.run.TestRun" name="shouldShowErrorForCredentials" time="0.005">
    <failure type="java.lang.NullPointerException" message="Cannot invoke &amp;quot;org.openqa.selenium.WebDriver.get(String)&amp;quot; because &amp;quot;this.driver&amp;quot; is null">
      <![CDATA[java.lang.NullPointerException: Cannot invoke "org.openqa.selenium.WebDriver.get(String)" because "this.driver" is null
at edu.pg.ui.test.run.TestRun.shouldShowErrorForCredentials(TestRun.java:62)
at java.base/java.util.ArrayList.forEach(ArrayList.java:1596)
... Removed 29 stack frames]]>
    </failure>
  </testcase> <!-- shouldShowErrorForCredentials -->
  <testcase classname="edu.pg.ui.test.run.TestRun" name="shouldShowErrorForLockedOutUser" time="0.001">
    <failure type="java.lang.NullPointerException" message="Cannot invoke &amp;quot;org.openqa.selenium.WebDriver.get(String)&amp;quot; because &amp;quot;this.driver&amp;quot; is null">
      <![CDATA[java.lang.NullPointerException: Cannot invoke "org.openqa.selenium.WebDriver.get(String)" because "this.driver" is null
at edu.pg.ui.test.run.TestRun.shouldShowErrorForLockedOutUser(TestRun.java:44)
at java.base/java.util.ArrayList.forEach(ArrayList.java:1596)
... Removed 29 stack frames]]>
    </failure>
  </testcase> <!-- shouldShowErrorForLockedOutUser -->
  <testcase classname="edu.pg.ui.test.run.TestRun" name="shouldOpenGoogleWebsite" time="0.0">
    <ignored/>
  </testcase> <!-- shouldOpenGoogleWebsite -->
</testsuite> <!-- FunctionalTesting -->
