<?xml version="1.0" encoding="UTF-8"?>
<testsuite xmlns:xsi="http://www.w3.org/2001/XMLSchema-instance" xsi:noNamespaceSchemaLocation="https://maven.apache.org/surefire/maven-surefire-plugin/xsd/surefire-test-report-3.0.xsd" version="3.0" name="edu.pg.ui.test.runner.CucumberRunner" time="0.51" tests="4" errors="4" skipped="0" failures="0">
  <properties>
[...]
</properties>
  <testcase name="Successful login with valid credentials" classname="SauceDemo Login Functionality" time="0.052">
    <error message="The step &apos;The user opens the SauceDemo login page&apos; and 4 other step(s) are undefined.&#10;You can implement these steps using the snippet(s) below:&#10;&#10;@Given(&quot;The user opens the SauceDemo login page&quot;)&#10;public void the_user_opens_the_sauce_demo_login_page() {&#10;    // Write code here that turns the phrase above into concrete actions&#10;    throw new io.cucumber.java.PendingException();&#10;}&#10;@When(&quot;The user enters username {string} and password {string}&quot;)&#10;public void the_user_enters_username_and_password(String string, String string2) {&#10;    // Write code here that turns the phrase above into concrete actions&#10;    throw new io.cucumber.java.PendingException();&#10;}&#10;@When(&quot;The user clicks the login button&quot;)&#10;public void the_user_clicks_the_login_button() {&#10;    // Write code here that turns the phrase above into concrete actions&#10;    throw new io.cucumber.java.PendingException();&#10;}&#10;@Then(&quot;The user should be redirected to the inventory page&quot;)&#10;public void the_user_should_be_redirected_to_the_inventory_page() {&#10;    // Write code here that turns the phrase above into concrete actions&#10;    throw new io.cucumber.java.PendingException();&#10;}&#10;@Then(&quot;The page header should display {string}&quot;)&#10;public void the_page_header_should_display(String string) {&#10;    // Write code here that turns the phrase above into concrete actions&#10;    throw new io.cucumber.java.PendingException();&#10;}&#10;" type="io.cucumber.junit.platform.engine.UndefinedStepException"><![CDATA[io.cucumber.junit.platform.engine.UndefinedStepException: 
The step 'The user opens the SauceDemo login page' and 4 other step(s) are undefined.
You can implement these steps using the snippet(s) below:

@Given("The user opens the SauceDemo login page")
public void the_user_opens_the_sauce_demo_login_page() {
    // Write code here that turns the phrase above into concrete actions
    throw new io.cucumber.java.PendingException();
}
@When("The user enters username {string} and password {string}")
public void the_user_enters_username_and_password(String string, String string2) {
    // Write code here that turns the phrase above into concrete actions
    throw new io.cucumber.java.PendingException();
}
@When("The user clicks the login button")
public void the_user_clicks_the_login_button() {
    // Write code here that turns the phrase above into concrete actions
    throw new io.cucumber.java.PendingException();
}
@Then("The user should be redirected to the inventory page")
public void the_user_should_be_redirected_to_the_inventory_page() {
    // Write code here that turns the phrase above into concrete actions
    throw new io.cucumber.java.PendingException();
}
@Then("The page header should display {string}")
public void the_page_header_should_display(String string) {
    // Write code here that turns the phrase above into concrete actions
    throw new io.cucumber.java.PendingException();
}

	at io.cucumber.core.runtime.TestCaseResultObserver.assertTestCasePassed(TestCaseResultObserver.java:69)
	at io.cucumber.junit.platform.engine.TestCaseResultObserver.assertTestCasePassed(TestCaseResultObserver.java:22)
	at io.cucumber.junit.platform.engine.CucumberEngineExecutionContext.lambda$runTestCase$4(CucumberEngineExecutionContext.java:114)
	at io.cucumber.core.runtime.CucumberExecutionContext.lambda$runTestCase$5(CucumberExecutionContext.java:136)
	at io.cucumber.core.runtime.RethrowingThrowableCollector.executeAndThrow(RethrowingThrowableCollector.java:23)
	at io.cucumber.core.runtime.CucumberExecutionContext.runTestCase(CucumberExecutionContext.java:136)
	at io.cucumber.junit.platform.engine.CucumberEngineExecutionContext.runTestCase(CucumberEngineExecutionContext.java:109)
	at io.cucumber.junit.platform.engine.NodeDescriptor$PickleDescriptor.execute(NodeDescriptor.java:168)
	at io.cucumber.junit.platform.engine.NodeDescriptor$PickleDescriptor.execute(NodeDescriptor.java:90)
	at java.base/java.util.ArrayList.forEach(ArrayList.java:1596)
	at java.base/java.util.ArrayList.forEach(ArrayList.java:1596)
]]></error>
    <system-out><![CDATA[
Scenario: Successful login with valid credentials                           &amp#27;[90m# features/login.feature:7&amp#27;[0m
  &amp#27;[33mGiven &amp#27;[0m&amp#27;[33mThe user opens the SauceDemo login page&amp#27;[0m
  &amp#27;[36mWhen &amp#27;[0m&amp#27;[36mThe user enters username "standard_user" and password "secret_sauce"&amp#27;[0m
  &amp#27;[36mAnd &amp#27;[0m&amp#27;[36mThe user clicks the login button&amp#27;[0m
  &amp#27;[36mThen &amp#27;[0m&amp#27;[36mThe user should be redirected to the inventory page&amp#27;[0m
  &amp#27;[36mAnd &amp#27;[0m&amp#27;[36mThe page header should display "Swag Labs"&amp#27;[0m
]]></system-out>
  </testcase>
  <testcase name="Example #1.1" classname="Examples" time="0.009">
    <error message="The step &apos;The user opens the SauceDemo login page&apos; and 3 other step(s) are undefined.&#10;You can implement these steps using the snippet(s) below:&#10;&#10;@Given(&quot;The user opens the SauceDemo login page&quot;)&#10;public void the_user_opens_the_sauce_demo_login_page() {&#10;    // Write code here that turns the phrase above into concrete actions&#10;    throw new io.cucumber.java.PendingException();&#10;}&#10;@When(&quot;The user enters username {string} and password {string}&quot;)&#10;public void the_user_enters_username_and_password(String string, String string2) {&#10;    // Write code here that turns the phrase above into concrete actions&#10;    throw new io.cucumber.java.PendingException();&#10;}&#10;@When(&quot;The user clicks the login button&quot;)&#10;public void the_user_clicks_the_login_button() {&#10;    // Write code here that turns the phrase above into concrete actions&#10;    throw new io.cucumber.java.PendingException();&#10;}&#10;@Then(&quot;An error message containing {string} should be visible&quot;)&#10;public void an_error_message_containing_should_be_visible(String string) {&#10;    // Write code here that turns the phrase above into concrete actions&#10;    throw new io.cucumber.java.PendingException();&#10;}&#10;" type="io.cucumber.junit.platform.engine.UndefinedStepException"><![CDATA[io.cucumber.junit.platform.engine.UndefinedStepException: 
The step 'The user opens the SauceDemo login page' and 3 other step(s) are undefined.
You can implement these steps using the snippet(s) below:

@Given("The user opens the SauceDemo login page")
public void the_user_opens_the_sauce_demo_login_page() {
    // Write code here that turns the phrase above into concrete actions
    throw new io.cucumber.java.PendingException();
}
@When("The user enters username {string} and password {string}")
public void the_user_enters_username_and_password(String string, String string2) {
    // Write code here that turns the phrase above into concrete actions
    throw new io.cucumber.java.PendingException();
}
@When("The user clicks the login button")
public void the_user_clicks_the_login_button() {
    // Write code here that turns the phrase above into concrete actions
    throw new io.cucumber.java.PendingException();
}
@Then("An error message containing {string} should be visible")
public void an_error_message_containing_should_be_visible(String string) {
    // Write code here that turns the phrase above into concrete actions
    throw new io.cucumber.java.PendingException();
}

	at io.cucumber.core.runtime.TestCaseResultObserver.assertTestCasePassed(TestCaseResultObserver.java:69)
	at io.cucumber.junit.platform.engine.TestCaseResultObserver.assertTestCasePassed(TestCaseResultObserver.java:22)
	at io.cucumber.junit.platform.engine.CucumberEngineExecutionContext.lambda$runTestCase$4(CucumberEngineExecutionContext.java:114)
	at io.cucumber.core.runtime.CucumberExecutionContext.lambda$runTestCase$5(CucumberExecutionContext.java:136)
	at io.cucumber.core.runtime.RethrowingThrowableCollector.executeAndThrow(RethrowingThrowableCollector.java:23)
	at io.cucumber.core.runtime.CucumberExecutionContext.runTestCase(CucumberExecutionContext.java:136)
	at io.cucumber.junit.platform.engine.CucumberEngineExecutionContext.runTestCase(CucumberEngineExecutionContext.java:109)
	at io.cucumber.junit.platform.engine.NodeDescriptor$PickleDescriptor.execute(NodeDescriptor.java:168)
	at io.cucumber.junit.platform.engine.NodeDescriptor$PickleDescriptor.execute(NodeDescriptor.java:90)
	at java.base/java.util.ArrayList.forEach(ArrayList.java:1596)
	at java.base/java.util.ArrayList.forEach(ArrayList.java:1596)
	at java.base/java.util.ArrayList.forEach(ArrayList.java:1596)
	at java.base/java.util.ArrayList.forEach(ArrayList.java:1596)
]]></error>
    <system-out><![CDATA[
Scenario Outline: Failed login with invalid or restrictive credentials                                     &amp#27;[90m# features/login.feature:22&amp#27;[0m
  &amp#27;[33mGiven &amp#27;[0m&amp#27;[33mThe user opens the SauceDemo login page&amp#27;[0m
  &amp#27;[36mWhen &amp#27;[0m&amp#27;[36mThe user enters username "locked_out_user" and password "secret_sauce"&amp#27;[0m
  &amp#27;[36mAnd &amp#27;[0m&amp#27;[36mThe user clicks the login button&amp#27;[0m
  &amp#27;[36mThen &amp#27;[0m&amp#27;[36mAn error message containing "Epic sadface: Sorry, this user has been locked out." should be visible&amp#27;[0m
]]></system-out>
  </testcase>
  <testcase name="Example #1.2" classname="Examples" time="0.007">
    <error message="The step &apos;The user opens the SauceDemo login page&apos; and 3 other step(s) are undefined.&#10;You can implement these steps using the snippet(s) below:&#10;&#10;@Given(&quot;The user opens the SauceDemo login page&quot;)&#10;public void the_user_opens_the_sauce_demo_login_page() {&#10;    // Write code here that turns the phrase above into concrete actions&#10;    throw new io.cucumber.java.PendingException();&#10;}&#10;@When(&quot;The user enters username {string} and password {string}&quot;)&#10;public void the_user_enters_username_and_password(String string, String string2) {&#10;    // Write code here that turns the phrase above into concrete actions&#10;    throw new io.cucumber.java.PendingException();&#10;}&#10;@When(&quot;The user clicks the login button&quot;)&#10;public void the_user_clicks_the_login_button() {&#10;    // Write code here that turns the phrase above into concrete actions&#10;    throw new io.cucumber.java.PendingException();&#10;}&#10;@Then(&quot;An error message containing {string} should be visible&quot;)&#10;public void an_error_message_containing_should_be_visible(String string) {&#10;    // Write code here that turns the phrase above into concrete actions&#10;    throw new io.cucumber.java.PendingException();&#10;}&#10;" type="io.cucumber.junit.platform.engine.UndefinedStepException"><![CDATA[io.cucumber.junit.platform.engine.UndefinedStepException: 
The step 'The user opens the SauceDemo login page' and 3 other step(s) are undefined.
You can implement these steps using the snippet(s) below:

@Given("The user opens the SauceDemo login page")
public void the_user_opens_the_sauce_demo_login_page() {
    // Write code here that turns the phrase above into concrete actions
    throw new io.cucumber.java.PendingException();
}
@When("The user enters username {string} and password {string}")
public void the_user_enters_username_and_password(String string, String string2) {
    // Write code here that turns the phrase above into concrete actions
    throw new io.cucumber.java.PendingException();
}
@When("The user clicks the login button")
public void the_user_clicks_the_login_button() {
    // Write code here that turns the phrase above into concrete actions
    throw new io.cucumber.java.PendingException();
}
@Then("An error message containing {string} should be visible")
public void an_error_message_containing_should_be_visible(String string) {
    // Write code here that turns the phrase above into concrete actions
    throw new io.cucumber.java.PendingException();
}

	at io.cucumber.core.runtime.TestCaseResultObserver.assertTestCasePassed(TestCaseResultObserver.java:69)
	at io.cucumber.junit.platform.engine.TestCaseResultObserver.assertTestCasePassed(TestCaseResultObserver.java:22)
	at io.cucumber.junit.platform.engine.CucumberEngineExecutionContext.lambda$runTestCase$4(CucumberEngineExecutionContext.java:114)
	at io.cucumber.core.runtime.CucumberExecutionContext.lambda$runTestCase$5(CucumberExecutionContext.java:136)
	at io.cucumber.core.runtime.RethrowingThrowableCollector.executeAndThrow(RethrowingThrowableCollector.java:23)
	at io.cucumber.core.runtime.CucumberExecutionContext.runTestCase(CucumberExecutionContext.java:136)
	at io.cucumber.junit.platform.engine.CucumberEngineExecutionContext.runTestCase(CucumberEngineExecutionContext.java:109)
	at io.cucumber.junit.platform.engine.NodeDescriptor$PickleDescriptor.execute(NodeDescriptor.java:168)
	at io.cucumber.junit.platform.engine.NodeDescriptor$PickleDescriptor.execute(NodeDescriptor.java:90)
	at java.base/java.util.ArrayList.forEach(ArrayList.java:1596)
	at java.base/java.util.ArrayList.forEach(ArrayList.java:1596)
	at java.base/java.util.ArrayList.forEach(ArrayList.java:1596)
	at java.base/java.util.ArrayList.forEach(ArrayList.java:1596)
]]></error>
    <system-out><![CDATA[
Scenario Outline: Failed login with invalid or restrictive credentials                                           &amp#27;[90m# features/login.feature:23&amp#27;[0m
  &amp#27;[33mGiven &amp#27;[0m&amp#27;[33mThe user opens the SauceDemo login page&amp#27;[0m
  &amp#27;[36mWhen &amp#27;[0m&amp#27;[36mThe user enters username "standard_user" and password "wrong_pass"&amp#27;[0m
  &amp#27;[36mAnd &amp#27;[0m&amp#27;[36mThe user clicks the login button&amp#27;[0m
  &amp#27;[36mThen &amp#27;[0m&amp#27;[36mAn error message containing "Epic sadface: Username and password do not match any user" should be visible&amp#27;[0m
]]></system-out>
  </testcase>
  <testcase name="Example #1.3" classname="Examples" time="0.009">
    <error message="The step &apos;The user opens the SauceDemo login page&apos; and 3 other step(s) are undefined.&#10;You can implement these steps using the snippet(s) below:&#10;&#10;@Given(&quot;The user opens the SauceDemo login page&quot;)&#10;public void the_user_opens_the_sauce_demo_login_page() {&#10;    // Write code here that turns the phrase above into concrete actions&#10;    throw new io.cucumber.java.PendingException();&#10;}&#10;@When(&quot;The user enters username {string} and password {string}&quot;)&#10;public void the_user_enters_username_and_password(String string, String string2) {&#10;    // Write code here that turns the phrase above into concrete actions&#10;    throw new io.cucumber.java.PendingException();&#10;}&#10;@When(&quot;The user clicks the login button&quot;)&#10;public void the_user_clicks_the_login_button() {&#10;    // Write code here that turns the phrase above into concrete actions&#10;    throw new io.cucumber.java.PendingException();&#10;}&#10;@Then(&quot;An error message containing {string} should be visible&quot;)&#10;public void an_error_message_containing_should_be_visible(String string) {&#10;    // Write code here that turns the phrase above into concrete actions&#10;    throw new io.cucumber.java.PendingException();&#10;}&#10;" type="io.cucumber.junit.platform.engine.UndefinedStepException"><![CDATA[io.cucumber.junit.platform.engine.UndefinedStepException: 
The step 'The user opens the SauceDemo login page' and 3 other step(s) are undefined.
You can implement these steps using the snippet(s) below:

@Given("The user opens the SauceDemo login page")
public void the_user_opens_the_sauce_demo_login_page() {
    // Write code here that turns the phrase above into concrete actions
    throw new io.cucumber.java.PendingException();
}
@When("The user enters username {string} and password {string}")
public void the_user_enters_username_and_password(String string, String string2) {
    // Write code here that turns the phrase above into concrete actions
    throw new io.cucumber.java.PendingException();
}
@When("The user clicks the login button")
public void the_user_clicks_the_login_button() {
    // Write code here that turns the phrase above into concrete actions
    throw new io.cucumber.java.PendingException();
}
@Then("An error message containing {string} should be visible")
public void an_error_message_containing_should_be_visible(String string) {
    // Write code here that turns the phrase above into concrete actions
    throw new io.cucumber.java.PendingException();
}

	at io.cucumber.core.runtime.TestCaseResultObserver.assertTestCasePassed(TestCaseResultObserver.java:69)
	at io.cucumber.junit.platform.engine.TestCaseResultObserver.assertTestCasePassed(TestCaseResultObserver.java:22)
	at io.cucumber.junit.platform.engine.CucumberEngineExecutionContext.lambda$runTestCase$4(CucumberEngineExecutionContext.java:114)
	at io.cucumber.core.runtime.CucumberExecutionContext.lambda$runTestCase$5(CucumberExecutionContext.java:136)
	at io.cucumber.core.runtime.RethrowingThrowableCollector.executeAndThrow(RethrowingThrowableCollector.java:23)
	at io.cucumber.core.runtime.CucumberExecutionContext.runTestCase(CucumberExecutionContext.java:136)
	at io.cucumber.junit.platform.engine.CucumberEngineExecutionContext.runTestCase(CucumberEngineExecutionContext.java:109)
	at io.cucumber.junit.platform.engine.NodeDescriptor$PickleDescriptor.execute(NodeDescriptor.java:168)
	at io.cucumber.junit.platform.engine.NodeDescriptor$PickleDescriptor.execute(NodeDescriptor.java:90)
	at java.base/java.util.ArrayList.forEach(ArrayList.java:1596)
	at java.base/java.util.ArrayList.forEach(ArrayList.java:1596)
	at java.base/java.util.ArrayList.forEach(ArrayList.java:1596)
	at java.base/java.util.ArrayList.forEach(ArrayList.java:1596)
]]></error>
    <system-out><![CDATA[
Scenario Outline: Failed login with invalid or restrictive credentials                                           &amp#27;[90m# features/login.feature:24&amp#27;[0m
  &amp#27;[33mGiven &amp#27;[0m&amp#27;[33mThe user opens the SauceDemo login page&amp#27;[0m
  &amp#27;[36mWhen &amp#27;[0m&amp#27;[36mThe user enters username "invalid_user" and password "secret_sauce"&amp#27;[0m
  &amp#27;[36mAnd &amp#27;[0m&amp#27;[36mThe user clicks the login button&amp#27;[0m
  &amp#27;[36mThen &amp#27;[0m&amp#27;[36mAn error message containing "Epic sadface: Username and password do not match any user" should be visible&amp#27;[0m
]]></system-out>
  </testcase>
</testsuite>