<?xml version="1.0" encoding="UTF-8"?>
<testng-results ignored="0" total="4" passed="4" failed="0" skipped="0">
  <reporter-output>
  </reporter-output>
  <suite started-at="2026-04-10T17:44:50 CEST" name="edu.pg.ui.test.run.TestRun" finished-at="2026-04-10T17:44:56 CEST" duration-ms="5409">
    <groups>
      <group name="regression">
        <method signature="TestRun.shouldShowErrorForCredentials(java.lang.String,java.lang.String)[pri:0, instance:edu.pg.ui.test.run.TestRun@3ad2e17]" name="shouldShowErrorForCredentials" class="edu.pg.ui.test.run.TestRun"/>
        <method signature="TestRun.shouldShowErrorForLockedOutUser(java.lang.String,java.lang.String)[pri:0, instance:edu.pg.ui.test.run.TestRun@3ad2e17]" name="shouldShowErrorForLockedOutUser" class="edu.pg.ui.test.run.TestRun"/>
      </group> <!-- regression -->
    </groups>
    <test started-at="2026-04-10T17:44:50 CEST" name="Command line test" finished-at="2026-04-10T17:44:56 CEST" duration-ms="5409">
      <class name="edu.pg.ui.test.run.TestRun">
        <test-method is-config="true" signature="setUp()[pri:0, instance:edu.pg.ui.test.run.TestRun@3ad2e17]" started-at="2026-04-10T17:44:51 CEST" name="setUp" finished-at="2026-04-10T17:44:52 CEST" duration-ms="1075" status="PASS">
          <reporter-output>
          </reporter-output>
        </test-method> <!-- setUp -->
        <test-method signature="shouldOpenGoogleWebsite()[pri:0, instance:edu.pg.ui.test.run.TestRun@3ad2e17]" started-at="2026-04-10T17:44:52 CEST" name="shouldOpenGoogleWebsite" finished-at="2026-04-10T17:44:52 CEST" duration-ms="817" status="PASS">
          <reporter-output>
          </reporter-output>
        </test-method> <!-- shouldOpenGoogleWebsite -->
        <test-method is-config="true" signature="tearDown()[pri:0, instance:edu.pg.ui.test.run.TestRun@3ad2e17]" started-at="2026-04-10T17:44:52 CEST" name="tearDown" finished-at="2026-04-10T17:44:53 CEST" duration-ms="114" status="PASS">
          <reporter-output>
          </reporter-output>
        </test-method> <!-- tearDown -->
        <test-method is-config="true" signature="setUp()[pri:0, instance:edu.pg.ui.test.run.TestRun@3ad2e17]" started-at="2026-04-10T17:44:53 CEST" name="setUp" finished-at="2026-04-10T17:44:53 CEST" duration-ms="522" status="PASS">
          <reporter-output>
          </reporter-output>
        </test-method> <!-- setUp -->
        <test-method signature="shouldShowErrorForCredentials(java.lang.String,java.lang.String)[pri:0, instance:edu.pg.ui.test.run.TestRun@3ad2e17]" started-at="2026-04-10T17:44:53 CEST" name="shouldShowErrorForCredentials" finished-at="2026-04-10T17:44:54 CEST" duration-ms="457" status="PASS">
          <params>
            <param index="0">
              <value>
                <![CDATA[locked_out_user]]>
              </value>
            </param>
            <param index="1">
              <value>
                <![CDATA[secret_sauce]]>
              </value>
            </param>
          </params>
          <reporter-output>
          </reporter-output>
        </test-method> <!-- shouldShowErrorForCredentials -->
        <test-method is-config="true" signature="tearDown()[pri:0, instance:edu.pg.ui.test.run.TestRun@3ad2e17]" started-at="2026-04-10T17:44:54 CEST" name="tearDown" finished-at="2026-04-10T17:44:54 CEST" duration-ms="78" status="PASS">
          <reporter-output>
          </reporter-output>
        </test-method> <!-- tearDown -->
        <test-method is-config="true" signature="setUp()[pri:0, instance:edu.pg.ui.test.run.TestRun@3ad2e17]" started-at="2026-04-10T17:44:54 CEST" name="setUp" finished-at="2026-04-10T17:44:54 CEST" duration-ms="514" status="PASS">
          <reporter-output>
          </reporter-output>
        </test-method> <!-- setUp -->
        <test-method signature="shouldShowErrorForLockedOutUser(java.lang.String,java.lang.String)[pri:0, instance:edu.pg.ui.test.run.TestRun@3ad2e17]" started-at="2026-04-10T17:44:54 CEST" name="shouldShowErrorForLockedOutUser" finished-at="2026-04-10T17:44:55 CEST" duration-ms="627" status="PASS">
          <params>
            <param index="0">
              <value>
                <![CDATA[locked_out_user]]>
              </value>
            </param>
            <param index="1">
              <value>
                <![CDATA[secret_sauce]]>
              </value>
            </param>
          </params>
          <reporter-output>
          </reporter-output>
        </test-method> <!-- shouldShowErrorForLockedOutUser -->
        <test-method is-config="true" signature="tearDown()[pri:0, instance:edu.pg.ui.test.run.TestRun@3ad2e17]" started-at="2026-04-10T17:44:55 CEST" name="tearDown" finished-at="2026-04-10T17:44:55 CEST" duration-ms="76" status="PASS">
          <reporter-output>
          </reporter-output>
        </test-method> <!-- tearDown -->
        <test-method is-config="true" signature="setUp()[pri:0, instance:edu.pg.ui.test.run.TestRun@3ad2e17]" started-at="2026-04-10T17:44:55 CEST" name="setUp" finished-at="2026-04-10T17:44:55 CEST" duration-ms="625" status="PASS">
          <reporter-output>
          </reporter-output>
        </test-method> <!-- setUp -->
        <test-method signature="userTriesToLoginToSauceDemo()[pri:0, instance:edu.pg.ui.test.run.TestRun@3ad2e17]" started-at="2026-04-10T17:44:55 CEST" name="userTriesToLoginToSauceDemo" finished-at="2026-04-10T17:44:56 CEST" duration-ms="376" status="PASS">
          <reporter-output>
          </reporter-output>
        </test-method> <!-- userTriesToLoginToSauceDemo -->
        <test-method is-config="true" signature="tearDown()[pri:0, instance:edu.pg.ui.test.run.TestRun@3ad2e17]" started-at="2026-04-10T17:44:56 CEST" name="tearDown" finished-at="2026-04-10T17:44:56 CEST" duration-ms="76" status="PASS">
          <reporter-output>
          </reporter-output>
        </test-method> <!-- tearDown -->
      </class> <!-- edu.pg.ui.test.run.TestRun -->
    </test> <!-- Command line test -->
  </suite> <!-- edu.pg.ui.test.run.TestRun -->
</testng-results>
