<?xml version="1.0" encoding="UTF-8"?>
<testng-results ignored="0" total="2" passed="2" failed="0" skipped="0">
  <reporter-output>
  </reporter-output>
  <suite started-at="2026-04-04T18:46:51 CEST" name="edu.pg.ui.test.run.TestRun" finished-at="2026-04-04T18:46:57 CEST" duration-ms="5770">
    <groups>
      <group name="regression">
        <method signature="TestRun.shouldBeErrorPopUp()[pri:0, instance:edu.pg.ui.test.run.TestRun@4331d187]" name="shouldBeErrorPopUp" class="edu.pg.ui.test.run.TestRun"/>
      </group> <!-- regression -->
    </groups>
    <test started-at="2026-04-04T18:46:51 CEST" name="Command line test" finished-at="2026-04-04T18:46:57 CEST" duration-ms="5770">
      <class name="edu.pg.ui.test.run.TestRun">
        <test-method is-config="true" signature="setUp()[pri:0, instance:edu.pg.ui.test.run.TestRun@4331d187]" started-at="2026-04-04T18:46:51 CEST" name="setUp" finished-at="2026-04-04T18:46:52 CEST" duration-ms="1339" status="PASS">
          <reporter-output>
          </reporter-output>
        </test-method> <!-- setUp -->
        <test-method signature="shouldBeErrorPopUp()[pri:0, instance:edu.pg.ui.test.run.TestRun@4331d187]" started-at="2026-04-04T18:46:52 CEST" name="shouldBeErrorPopUp" finished-at="2026-04-04T18:46:53 CEST" duration-ms="997" status="PASS">
          <reporter-output>
          </reporter-output>
        </test-method> <!-- shouldBeErrorPopUp -->
        <test-method is-config="true" signature="tearDown()[pri:0, instance:edu.pg.ui.test.run.TestRun@4331d187]" started-at="2026-04-04T18:46:53 CEST" name="tearDown" finished-at="2026-04-04T18:46:53 CEST" duration-ms="125" status="PASS">
          <reporter-output>
          </reporter-output>
        </test-method> <!-- tearDown -->
        <test-method is-config="true" signature="setUp()[pri:0, instance:edu.pg.ui.test.run.TestRun@4331d187]" started-at="2026-04-04T18:46:53 CEST" name="setUp" finished-at="2026-04-04T18:46:54 CEST" duration-ms="634" status="PASS">
          <reporter-output>
          </reporter-output>
        </test-method> <!-- setUp -->
        <test-method signature="shouldShowErrorForLockedOutUser()[pri:0, instance:edu.pg.ui.test.run.TestRun@4331d187]" started-at="2026-04-04T18:46:54 CEST" name="shouldShowErrorForLockedOutUser" finished-at="2026-04-04T18:46:57 CEST" duration-ms="2548" status="PASS">
          <reporter-output>
          </reporter-output>
        </test-method> <!-- shouldShowErrorForLockedOutUser -->
        <test-method is-config="true" signature="tearDown()[pri:0, instance:edu.pg.ui.test.run.TestRun@4331d187]" started-at="2026-04-04T18:46:57 CEST" name="tearDown" finished-at="2026-04-04T18:46:57 CEST" duration-ms="73" status="PASS">
          <reporter-output>
          </reporter-output>
        </test-method> <!-- tearDown -->
      </class> <!-- edu.pg.ui.test.run.TestRun -->
    </test> <!-- Command line test -->
  </suite> <!-- edu.pg.ui.test.run.TestRun -->
</testng-results>
