<?xml version="1.0" encoding="UTF-8"?>
<!-- Generated by org.testng.reporters.JUnitReportReporter -->
<testsuite hostname="teamsharq-pc" failures="0" tests="2" name="edu.pg.ui.test.run.TestRun" time="5.716" errors="0" timestamp="2026-04-04T18:46:57 CEST" skipped="0">
  <testcase classname="edu.pg.ui.test.run.TestRun" name="shouldBeErrorPopUp" time="2.409"/>
  <testcase classname="edu.pg.ui.test.run.TestRun" name="shouldShowErrorForLockedOutUser" time="3.307"/>
</testsuite> <!-- edu.pg.ui.test.run.TestRun -->
