<?xml version="1.0" encoding="UTF-8"?>
<!-- Generated by org.testng.reporters.JUnitReportReporter -->
<testsuite hostname="teamsharq-pc" failures="0" tests="4" name="edu.pg.ui.test.run.TestRun" time="5.357" errors="0" timestamp="2026-04-10T17:44:56 CEST" skipped="0">
  <testcase classname="edu.pg.ui.test.run.TestRun" name="userTriesToLoginToSauceDemo" time="1.527"/>
  <testcase classname="edu.pg.ui.test.run.TestRun" name="shouldShowErrorForLockedOutUser" time="1.255"/>
  <testcase classname="edu.pg.ui.test.run.TestRun" name="shouldShowErrorForCredentials" time="1.160"/>
  <testcase classname="edu.pg.ui.test.run.TestRun" name="shouldOpenGoogleWebsite" time="1.415"/>
</testsuite> <!-- edu.pg.ui.test.run.TestRun -->
